<?xml version="1.0" encoding="UTF-8"?>
<!-- Generated by org.testng.reporters.JUnitReportReporter -->
<testsuite hostname="DESKTOP-JP52KVH" name="Filetestcase.Testcase" tests="4" failures="0" timestamp="28 Oct 2019 17:01:37 GMT" time="0.036" errors="0">
  <testcase name="Address" time="0.029" classname="Filetestcase.Testcase"/>
  <testcase name="Book" time="0.003" classname="Filetestcase.Testcase"/>
  <testcase name="Login" time="0.002" classname="Filetestcase.Testcase"/>
  <testcase name="Desktop" time="0.002" classname="Filetestcase.Testcase"/>
</testsuite> <!-- Filetestcase.Testcase -->
