<?xml version="1.0" encoding="UTF-8"?>
<!-- Generated by org.testng.reporters.JUnitReportReporter -->
<testsuite hostname="DESKTOP-JP52KVH" name="Filetestcase.Testcase" tests="4" failures="0" timestamp="29 Oct 2019 09:07:41 GMT" time="0.026" errors="0">
  <testcase name="Login" time="0.001" classname="Filetestcase.Testcase"/>
  <testcase name="Desktop" time="0.001" classname="Filetestcase.Testcase"/>
  <testcase name="Address" time="0.023" classname="Filetestcase.Testcase"/>
  <testcase name="Book" time="0.001" classname="Filetestcase.Testcase"/>
</testsuite> <!-- Filetestcase.Testcase -->
